<?xml version="1.0" encoding="UTF-8"?>
<coverage generated="1697746694179" clover="3.2.0">
  <project timestamp="1697746694179" name="All files">
    <metrics statements="35" coveredstatements="35" conditionals="15" coveredconditionals="15" methods="6" coveredmethods="6" elements="56" coveredelements="56" complexity="0" loc="35" ncloc="35" packages="1" files="4" classes="4"/>
    <file name="api.ts" path="C:\Users\IwakuraRain\Documents\url_shorter\src\api.ts">
      <metrics statements="22" coveredstatements="22" conditionals="15" coveredconditionals="15" methods="3" coveredmethods="3"/>
      <line num="19" count="2" type="stmt"/>
      <line num="20" count="2" type="stmt"/>
      <line num="23" count="3" type="stmt"/>
      <line num="27" count="3" type="cond" truecount="2" falsecount="0"/>
      <line num="28" count="1" type="stmt"/>
      <line num="33" count="2" type="cond" truecount="2" falsecount="0"/>
      <line num="34" count="1" type="stmt"/>
      <line num="37" count="1" type="stmt"/>
      <line num="40" count="2" type="stmt"/>
      <line num="43" count="9" type="stmt"/>
      <line num="44" count="9" type="cond" truecount="2" falsecount="0"/>
      <line num="45" count="2" type="stmt"/>
      <line num="50" count="7" type="cond" truecount="2" falsecount="0"/>
      <line num="51" count="1" type="stmt"/>
      <line num="57" count="6" type="stmt"/>
      <line num="61" count="6" type="cond" truecount="2" falsecount="0"/>
      <line num="62" count="1" type="stmt"/>
      <line num="68" count="5" type="cond" truecount="2" falsecount="0"/>
      <line num="69" count="1" type="stmt"/>
      <line num="74" count="4" type="stmt"/>
      <line num="79" count="4" type="stmt"/>
      <line num="81" count="4" type="stmt"/>
    </file>
    <file name="app.ts" path="C:\Users\IwakuraRain\Documents\url_shorter\src\app.ts">
      <metrics statements="4" coveredstatements="4" conditionals="0" coveredconditionals="0" methods="1" coveredmethods="1"/>
      <line num="4" count="2" type="stmt"/>
      <line num="5" count="2" type="stmt"/>
      <line num="7" count="2" type="stmt"/>
      <line num="9" count="2" type="stmt"/>
    </file>
    <file name="model.ts" path="C:\Users\IwakuraRain\Documents\url_shorter\src\model.ts">
      <metrics statements="2" coveredstatements="2" conditionals="0" coveredconditionals="0" methods="0" coveredmethods="0"/>
      <line num="9" count="2" type="stmt"/>
      <line num="14" count="2" type="stmt"/>
    </file>
    <file name="utils.ts" path="C:\Users\IwakuraRain\Documents\url_shorter\src\utils.ts">
      <metrics statements="7" coveredstatements="7" conditionals="0" coveredconditionals="0" methods="2" coveredmethods="2"/>
      <line num="1" count="3" type="stmt"/>
      <line num="2" count="3" type="stmt"/>
      <line num="3" count="3" type="stmt"/>
      <line num="4" count="2" type="stmt"/>
      <line num="13" count="3" type="stmt"/>
      <line num="18" count="23" type="stmt"/>
      <line num="20" count="23" type="stmt"/>
    </file>
  </project>
</coverage>
