{"C:\\Users\\IwakuraRain\\Documents\\url_shorter\\src\\api.ts": {"path":"C:\\Users\\IwakuraRain\\Documents\\url_shorter\\src\\api.ts","statementMap":{"0":{"start":{"line":19,"column":22},"end":{"line":86,"column":1}},"1":{"start":{"line":20,"column":4},"end":{"line":38,"column":10}},"2":{"start":{"line":23,"column":28},"end":{"line":25,"column":26}},"3":{"start":{"line":27,"column":12},"end":{"line":31,"column":13}},"4":{"start":{"line":28,"column":16},"end":{"line":30,"column":18}},"5":{"start":{"line":33,"column":12},"end":{"line":35,"column":13}},"6":{"start":{"line":34,"column":16},"end":{"line":34,"column":67}},"7":{"start":{"line":37,"column":12},"end":{"line":37,"column":46}},"8":{"start":{"line":40,"column":4},"end":{"line":85,"column":10}},"9":{"start":{"line":43,"column":27},"end":{"line":43,"column":54}},"10":{"start":{"line":44,"column":12},"end":{"line":48,"column":13}},"11":{"start":{"line":45,"column":16},"end":{"line":47,"column":18}},"12":{"start":{"line":50,"column":12},"end":{"line":56,"column":13}},"13":{"start":{"line":51,"column":16},"end":{"line":51,"column":35}},"14":{"start":{"line":52,"column":16},"end":{"line":55,"column":18}},"15":{"start":{"line":58,"column":30},"end":{"line":60,"column":26}},"16":{"start":{"line":62,"column":12},"end":{"line":67,"column":13}},"17":{"start":{"line":63,"column":16},"end":{"line":66,"column":18}},"18":{"start":{"line":69,"column":12},"end":{"line":73,"column":13}},"19":{"start":{"line":70,"column":16},"end":{"line":72,"column":18}},"20":{"start":{"line":75,"column":28},"end":{"line":78,"column":14}},"21":{"start":{"line":80,"column":12},"end":{"line":80,"column":32}},"22":{"start":{"line":82,"column":12},"end":{"line":84,"column":14}}},"fnMap":{"0":{"name":"(anonymous_0)","decl":{"start":{"line":19,"column":22},"end":{"line":19,"column":23}},"loc":{"start":{"line":19,"column":56},"end":{"line":86,"column":1}},"line":19},"1":{"name":"(anonymous_1)","decl":{"start":{"line":22,"column":8},"end":{"line":22,"column":9}},"loc":{"start":{"line":22,"column":66},"end":{"line":38,"column":9}},"line":22},"2":{"name":"(anonymous_2)","decl":{"start":{"line":42,"column":8},"end":{"line":42,"column":9}},"loc":{"start":{"line":42,"column":72},"end":{"line":85,"column":9}},"line":42}},"branchMap":{"0":{"loc":{"start":{"line":27,"column":12},"end":{"line":31,"column":13}},"type":"if","locations":[{"start":{"line":27,"column":12},"end":{"line":31,"column":13}},{"start":{},"end":{}}],"line":27},"1":{"loc":{"start":{"line":33,"column":12},"end":{"line":35,"column":13}},"type":"if","locations":[{"start":{"line":33,"column":12},"end":{"line":35,"column":13}},{"start":{},"end":{}}],"line":33},"2":{"loc":{"start":{"line":42,"column":22},"end":{"line":42,"column":38}},"type":"default-arg","locations":[{"start":{"line":42,"column":36},"end":{"line":42,"column":38}}],"line":42},"3":{"loc":{"start":{"line":44,"column":12},"end":{"line":48,"column":13}},"type":"if","locations":[{"start":{"line":44,"column":12},"end":{"line":48,"column":13}},{"start":{},"end":{}}],"line":44},"4":{"loc":{"start":{"line":50,"column":12},"end":{"line":56,"column":13}},"type":"if","locations":[{"start":{"line":50,"column":12},"end":{"line":56,"column":13}},{"start":{},"end":{}}],"line":50},"5":{"loc":{"start":{"line":62,"column":12},"end":{"line":67,"column":13}},"type":"if","locations":[{"start":{"line":62,"column":12},"end":{"line":67,"column":13}},{"start":{},"end":{}}],"line":62},"6":{"loc":{"start":{"line":69,"column":12},"end":{"line":73,"column":13}},"type":"if","locations":[{"start":{"line":69,"column":12},"end":{"line":73,"column":13}},{"start":{},"end":{}}],"line":69},"7":{"loc":{"start":{"line":76,"column":20},"end":{"line":76,"column":50}},"type":"binary-expr","locations":[{"start":{"line":76,"column":20},"end":{"line":76,"column":22}},{"start":{"line":76,"column":26},"end":{"line":76,"column":50}}],"line":76}},"s":{"0":2,"1":2,"2":3,"3":3,"4":1,"5":2,"6":1,"7":1,"8":2,"9":9,"10":9,"11":2,"12":7,"13":1,"14":1,"15":6,"16":6,"17":1,"18":5,"19":1,"20":4,"21":4,"22":4},"f":{"0":2,"1":3,"2":9},"b":{"0":[1,2],"1":[1,1],"2":[1],"3":[2,7],"4":[1,6],"5":[1,5],"6":[1,4],"7":[4,1]},"_coverageSchema":"1a1c01bbd47fc00a2c39e90264f33305004495a9","hash":"9384f43513e1799d71ccfa927d99564ea945e61b"}
,"C:\\Users\\IwakuraRain\\Documents\\url_shorter\\src\\app.ts": {"path":"C:\\Users\\IwakuraRain\\Documents\\url_shorter\\src\\app.ts","statementMap":{"0":{"start":{"line":4,"column":19},"end":{"line":10,"column":1}},"1":{"start":{"line":5,"column":19},"end":{"line":5,"column":28}},"2":{"start":{"line":7,"column":4},"end":{"line":7,"column":34}},"3":{"start":{"line":9,"column":4},"end":{"line":9,"column":17}}},"fnMap":{"0":{"name":"(anonymous_0)","decl":{"start":{"line":4,"column":19},"end":{"line":4,"column":20}},"loc":{"start":{"line":4,"column":42},"end":{"line":10,"column":1}},"line":4}},"branchMap":{},"s":{"0":2,"1":2,"2":2,"3":2},"f":{"0":2},"b":{},"_coverageSchema":"1a1c01bbd47fc00a2c39e90264f33305004495a9","hash":"38eccfed410868db113315dbc4dde2aa9ea35915"}
,"C:\\Users\\IwakuraRain\\Documents\\url_shorter\\src\\model.ts": {"path":"C:\\Users\\IwakuraRain\\Documents\\url_shorter\\src\\model.ts","statementMap":{"0":{"start":{"line":9,"column":29},"end":{"line":12,"column":2}},"1":{"start":{"line":14,"column":23},"end":{"line":14,"column":64}}},"fnMap":{},"branchMap":{},"s":{"0":2,"1":2},"f":{},"b":{},"_coverageSchema":"1a1c01bbd47fc00a2c39e90264f33305004495a9","hash":"c307a40e98f93dc1e9a79578c7f0a90734c12ba7"}
,"C:\\Users\\IwakuraRain\\Documents\\url_shorter\\src\\utils.ts": {"path":"C:\\Users\\IwakuraRain\\Documents\\url_shorter\\src\\utils.ts","statementMap":{"0":{"start":{"line":1,"column":32},"end":{"line":1,"column":33}},"1":{"start":{"line":2,"column":25},"end":{"line":2,"column":27}},"2":{"start":{"line":4,"column":24},"end":{"line":12,"column":1}},"3":{"start":{"line":9,"column":20},"end":{"line":9,"column":273}},"4":{"start":{"line":11,"column":4},"end":{"line":11,"column":42}}},"fnMap":{"0":{"name":"(anonymous_0)","decl":{"start":{"line":4,"column":24},"end":{"line":4,"column":25}},"loc":{"start":{"line":4,"column":50},"end":{"line":12,"column":1}},"line":4}},"branchMap":{},"s":{"0":3,"1":3,"2":3,"3":23,"4":23},"f":{"0":23},"b":{},"_coverageSchema":"1a1c01bbd47fc00a2c39e90264f33305004495a9","hash":"6ec351ef48f07aa3ecdc53b841e5df971cbc4a29"}
}
