TN:
SF:src\api.ts
FN:19,(anonymous_0)
FN:22,(anonymous_1)
FN:42,(anonymous_2)
FNF:3
FNH:3
FNDA:2,(anonymous_0)
FNDA:3,(anonymous_1)
FNDA:9,(anonymous_2)
DA:19,2
DA:20,2
DA:23,3
DA:27,3
DA:28,1
DA:33,2
DA:34,1
DA:37,1
DA:40,2
DA:43,9
DA:44,9
DA:45,2
DA:50,7
DA:51,1
DA:52,1
DA:58,6
DA:62,6
DA:63,1
DA:69,5
DA:70,1
DA:75,4
DA:80,4
DA:82,4
LF:23
LH:23
BRDA:27,0,0,1
BRDA:27,0,1,2
BRDA:33,1,0,1
BRDA:33,1,1,1
BRDA:42,2,0,1
BRDA:44,3,0,2
BRDA:44,3,1,7
BRDA:50,4,0,1
BRDA:50,4,1,6
BRDA:62,5,0,1
BRDA:62,5,1,5
BRDA:69,6,0,1
BRDA:69,6,1,4
BRDA:76,7,0,4
BRDA:76,7,1,1
BRF:15
BRH:15
end_of_record
TN:
SF:src\app.ts
FN:4,(anonymous_0)
FNF:1
FNH:1
FNDA:2,(anonymous_0)
DA:4,2
DA:5,2
DA:7,2
DA:9,2
LF:4
LH:4
BRF:0
BRH:0
end_of_record
TN:
SF:src\model.ts
FNF:0
FNH:0
DA:9,2
DA:14,2
LF:2
LH:2
BRF:0
BRH:0
end_of_record
TN:
SF:src\utils.ts
FN:4,(anonymous_0)
FNF:1
FNH:1
FNDA:23,(anonymous_0)
DA:1,3
DA:2,3
DA:4,3
DA:9,23
DA:11,23
LF:5
LH:5
BRF:0
BRH:0
end_of_record
